app/build/intermediates/manifest_merge_blame_file/debug/processDebugMainManifest/manifest-merger-blame-debug-report.txt
1<?xml version="1.0" encoding="utf-8"?>
2<manifest xmlns:android="http://schemas.android.com/apk/res/android"
3    package="com.jdcode.levelup"
4    android:versionCode="1"
5    android:versionName="1.0" >
6
7    <uses-sdk
8        android:minSdkVersion="24"
9        android:targetSdkVersion="34" />
10
11    <uses-feature
11-->src\main\AndroidManifest.xml:6:5-8:36
12        android:name="android.hardware.camera"
12-->src\main\AndroidManifest.xml:7:9-47
13        android:required="false" />
13-->src\main\AndroidManifest.xml:8:9-33
14
15    <uses-permission android:name="android.permission.ACCESS_FINE_LOCATION" />
15-->src\main\AndroidManifest.xml:10:5-79
15-->src\main\AndroidManifest.xml:10:22-76
16    <uses-permission android:name="android.permission.ACCESS_COARSE_LOCATION" />
16-->src\main\AndroidManifest.xml:11:5-81
16-->src\main\AndroidManifest.xml:11:22-78
17    <uses-permission android:name="android.permission.INTERNET" />
17-->src\main\AndroidManifest.xml:12:5-67
17-->src\main\AndroidManifest.xml:12:22-64
18    <uses-permission android:name="android.permission.ACCESS_NETWORK_STATE" />
18-->src\main\AndroidManifest.xml:13:5-79
18-->src\main\AndroidManifest.xml:13:22-76
19    <uses-permission android:name="android.permission.CAMERA" />
19-->src\main\AndroidManifest.xml:14:5-64
19-->src\main\AndroidManifest.xml:14:22-62
20    <uses-permission android:name="android.permission.ACCESS_WIFI_STATE" />
20-->[com.google.android.libraries.places:places:4.0.0] AndroidManifest.xml:11:5-76
20-->[com.google.android.libraries.places:places:4.0.0] AndroidManifest.xml:11:22-73
21
22    <uses-feature
22-->[com.google.android.gms:play-services-maps:19.0.0] AndroidManifest.xml:26:5-28:35
23        android:glEsVersion="0x00020000"
23-->[com.google.android.gms:play-services-maps:19.0.0] AndroidManifest.xml:27:9-41
24        android:required="true" />
24-->[com.google.android.gms:play-services-maps:19.0.0] AndroidManifest.xml:28:9-32
25
26    <queries>
26-->[com.google.android.gms:play-services-maps:19.0.0] AndroidManifest.xml:30:5-34:15
27
28        <!-- Needs to be explicitly declared on Android R+ -->
29        <package android:name="com.google.android.apps.maps" />
29-->[com.google.android.gms:play-services-maps:19.0.0] AndroidManifest.xml:33:9-64
29-->[com.google.android.gms:play-services-maps:19.0.0] AndroidManifest.xml:33:18-61
30    </queries>
31
32    <uses-permission android:name="com.google.android.providers.gsf.permission.READ_GSERVICES" />
32-->[com.google.android.recaptcha:recaptcha:18.5.1] AndroidManifest.xml:9:5-98
32-->[com.google.android.recaptcha:recaptcha:18.5.1] AndroidManifest.xml:9:22-95
33
34    <permission
34-->[androidx.core:core:1.13.0] AndroidManifest.xml:22:5-24:47
35        android:name="com.jdcode.levelup.DYNAMIC_RECEIVER_NOT_EXPORTED_PERMISSION"
35-->[androidx.core:core:1.13.0] AndroidManifest.xml:23:9-81
36        android:protectionLevel="signature" />
36-->[androidx.core:core:1.13.0] AndroidManifest.xml:24:9-44
37
38    <uses-permission android:name="com.jdcode.levelup.DYNAMIC_RECEIVER_NOT_EXPORTED_PERMISSION" />
38-->[androidx.core:core:1.13.0] AndroidManifest.xml:26:5-97
38-->[androidx.core:core:1.13.0] AndroidManifest.xml:26:22-94
39
40    <application
40-->src\main\AndroidManifest.xml:16:5-62:19
41        android:allowBackup="true"
41-->src\main\AndroidManifest.xml:17:9-35
42        android:appComponentFactory="androidx.core.app.CoreComponentFactory"
42-->[androidx.core:core:1.13.0] AndroidManifest.xml:28:18-86
43        android:dataExtractionRules="@xml/data_extraction_rules"
43-->src\main\AndroidManifest.xml:18:9-65
44        android:debuggable="true"
45        android:extractNativeLibs="false"
46        android:fullBackupContent="@xml/backup_rules"
46-->src\main\AndroidManifest.xml:19:9-54
47        android:icon="@mipmap/ic_launcher"
47-->src\main\AndroidManifest.xml:20:9-43
48        android:label="@string/app_name"
48-->src\main\AndroidManifest.xml:21:9-41
49        android:roundIcon="@mipmap/ic_launcher_round"
49-->src\main\AndroidManifest.xml:23:9-54
50        android:supportsRtl="true"
50-->src\main\AndroidManifest.xml:24:9-35
51        android:testOnly="true"
52        android:theme="@style/Theme.LevelUp"
52-->src\main\AndroidManifest.xml:25:9-45
53        android:usesCleartextTraffic="true" >
53-->src\main\AndroidManifest.xml:22:9-44
54        <activity
54-->src\main\AndroidManifest.xml:27:9-29:40
55            android:name="com.jdcode.levelup.MapActivity"
55-->src\main\AndroidManifest.xml:28:13-40
56            android:exported="false" />
56-->src\main\AndroidManifest.xml:29:13-37
57        <activity
57-->src\main\AndroidManifest.xml:30:9-32:40
58            android:name="com.jdcode.levelup.cart"
58-->src\main\AndroidManifest.xml:31:13-33
59            android:exported="false" />
59-->src\main\AndroidManifest.xml:32:13-37
60        <activity
60-->src\main\AndroidManifest.xml:33:9-41:20
61            android:name="com.jdcode.levelup.products"
61-->src\main\AndroidManifest.xml:34:13-37
62            android:exported="true" >
62-->src\main\AndroidManifest.xml:35:13-36
63            <intent-filter>
63-->src\main\AndroidManifest.xml:36:13-40:29
64                <action android:name="android.intent.action.MAIN" />
64-->src\main\AndroidManifest.xml:37:17-69
64-->src\main\AndroidManifest.xml:37:25-66
65
66                <category android:name="android.intent.category.LAUNCHER" />
66-->src\main\AndroidManifest.xml:39:17-77
66-->src\main\AndroidManifest.xml:39:27-74
67            </intent-filter>
68        </activity>
69        <activity
69-->src\main\AndroidManifest.xml:42:9-45:55
70            android:name="com.jdcode.levelup.RegisterActivity"
70-->src\main\AndroidManifest.xml:43:13-45
71            android:exported="false"
71-->src\main\AndroidManifest.xml:44:13-37
72            android:windowSoftInputMode="adjustPan" />
72-->src\main\AndroidManifest.xml:45:13-52
73        <activity
73-->src\main\AndroidManifest.xml:46:9-54:20
74            android:name="com.jdcode.levelup.LogIn"
74-->src\main\AndroidManifest.xml:47:13-34
75            android:exported="true" >
75-->src\main\AndroidManifest.xml:48:13-36
76            <intent-filter>
76-->src\main\AndroidManifest.xml:36:13-40:29
77                <action android:name="android.intent.action.MAIN" />
77-->src\main\AndroidManifest.xml:37:17-69
77-->src\main\AndroidManifest.xml:37:25-66
78
79                <category android:name="android.intent.category.LAUNCHER" />
79-->src\main\AndroidManifest.xml:39:17-77
79-->src\main\AndroidManifest.xml:39:27-74
80            </intent-filter>
81        </activity>
82
83        <meta-data
83-->src\main\AndroidManifest.xml:56:9-58:57
84            android:name="preloaded_fonts"
84-->src\main\AndroidManifest.xml:57:13-43
85            android:resource="@array/preloaded_fonts" />
85-->src\main\AndroidManifest.xml:58:13-54
86        <meta-data
86-->src\main\AndroidManifest.xml:59:9-61:54
87            android:name="com.google.android.geo.API_KEY"
87-->src\main\AndroidManifest.xml:60:13-58
88            android:value="@string/google_maps_key" />
88-->src\main\AndroidManifest.xml:61:13-52
89
90        <activity
90-->[com.google.android.libraries.places:places:4.0.0] AndroidManifest.xml:15:9-21:20
91            android:name="com.google.android.libraries.places.widget.AutocompleteActivity"
91-->[com.google.android.libraries.places:places:4.0.0] AndroidManifest.xml:16:13-91
92            android:exported="false"
92-->[com.google.android.libraries.places:places:4.0.0] AndroidManifest.xml:17:13-37
93            android:label="@string/places_autocomplete_label"
93-->[com.google.android.libraries.places:places:4.0.0] AndroidManifest.xml:18:13-62
94            android:theme="@style/PlacesAutocompleteOverlay"
94-->[com.google.android.libraries.places:places:4.0.0] AndroidManifest.xml:19:13-61
95            android:windowSoftInputMode="adjustResize" >
95-->[com.google.android.libraries.places:places:4.0.0] AndroidManifest.xml:20:13-55
96        </activity>
97        <activity
97-->[com.google.firebase:firebase-auth:23.1.0] AndroidManifest.xml:29:9-46:20
98            android:name="com.google.firebase.auth.internal.GenericIdpActivity"
98-->[com.google.firebase:firebase-auth:23.1.0] AndroidManifest.xml:30:13-80
99            android:excludeFromRecents="true"
99-->[com.google.firebase:firebase-auth:23.1.0] AndroidManifest.xml:31:13-46
100            android:exported="true"
100-->[com.google.firebase:firebase-auth:23.1.0] AndroidManifest.xml:32:13-36
101            android:launchMode="singleTask"
101-->[com.google.firebase:firebase-auth:23.1.0] AndroidManifest.xml:33:13-44
102            android:theme="@android:style/Theme.Translucent.NoTitleBar" >
102-->[com.google.firebase:firebase-auth:23.1.0] AndroidManifest.xml:34:13-72
103            <intent-filter>
103-->[com.google.firebase:firebase-auth:23.1.0] AndroidManifest.xml:35:13-45:29
104                <action android:name="android.intent.action.VIEW" />
104-->[com.google.firebase:firebase-auth:23.1.0] AndroidManifest.xml:36:17-69
104-->[com.google.firebase:firebase-auth:23.1.0] AndroidManifest.xml:36:25-66
105
106                <category android:name="android.intent.category.DEFAULT" />
106-->[com.google.firebase:firebase-auth:23.1.0] AndroidManifest.xml:38:17-76
106-->[com.google.firebase:firebase-auth:23.1.0] AndroidManifest.xml:38:27-73
107                <category android:name="android.intent.category.BROWSABLE" />
107-->[com.google.firebase:firebase-auth:23.1.0] AndroidManifest.xml:39:17-78
107-->[com.google.firebase:firebase-auth:23.1.0] AndroidManifest.xml:39:27-75
108
109                <data
109-->[com.google.firebase:firebase-auth:23.1.0] AndroidManifest.xml:41:17-44:51
110                    android:host="firebase.auth"
110-->[com.google.firebase:firebase-auth:23.1.0] AndroidManifest.xml:42:21-49
111                    android:path="/"
111-->[com.google.firebase:firebase-auth:23.1.0] AndroidManifest.xml:43:21-37
112                    android:scheme="genericidp" />
112-->[com.google.firebase:firebase-auth:23.1.0] AndroidManifest.xml:44:21-48
113            </intent-filter>
114        </activity>
115        <activity
115-->[com.google.firebase:firebase-auth:23.1.0] AndroidManifest.xml:47:9-64:20
116            android:name="com.google.firebase.auth.internal.RecaptchaActivity"
116-->[com.google.firebase:firebase-auth:23.1.0] AndroidManifest.xml:48:13-79
117            android:excludeFromRecents="true"
117-->[com.google.firebase:firebase-auth:23.1.0] AndroidManifest.xml:49:13-46
118            android:exported="true"
118-->[com.google.firebase:firebase-auth:23.1.0] AndroidManifest.xml:50:13-36
119            android:launchMode="singleTask"
119-->[com.google.firebase:firebase-auth:23.1.0] AndroidManifest.xml:51:13-44
120            android:theme="@android:style/Theme.Translucent.NoTitleBar" >
120-->[com.google.firebase:firebase-auth:23.1.0] AndroidManifest.xml:52:13-72
121            <intent-filter>
121-->[com.google.firebase:firebase-auth:23.1.0] AndroidManifest.xml:53:13-63:29
122                <action android:name="android.intent.action.VIEW" />
122-->[com.google.firebase:firebase-auth:23.1.0] AndroidManifest.xml:36:17-69
122-->[com.google.firebase:firebase-auth:23.1.0] AndroidManifest.xml:36:25-66
123
124                <category android:name="android.intent.category.DEFAULT" />
124-->[com.google.firebase:firebase-auth:23.1.0] AndroidManifest.xml:38:17-76
124-->[com.google.firebase:firebase-auth:23.1.0] AndroidManifest.xml:38:27-73
125                <category android:name="android.intent.category.BROWSABLE" />
125-->[com.google.firebase:firebase-auth:23.1.0] AndroidManifest.xml:39:17-78
125-->[com.google.firebase:firebase-auth:23.1.0] AndroidManifest.xml:39:27-75
126
127                <data
127-->[com.google.firebase:firebase-auth:23.1.0] AndroidManifest.xml:41:17-44:51
128                    android:host="firebase.auth"
128-->[com.google.firebase:firebase-auth:23.1.0] AndroidManifest.xml:42:21-49
129                    android:path="/"
129-->[com.google.firebase:firebase-auth:23.1.0] AndroidManifest.xml:43:21-37
130                    android:scheme="recaptcha" />
130-->[com.google.firebase:firebase-auth:23.1.0] AndroidManifest.xml:44:21-48
131            </intent-filter>
132        </activity>
133
134        <service
134-->[com.google.firebase:firebase-auth:23.1.0] AndroidManifest.xml:66:9-72:19
135            android:name="com.google.firebase.components.ComponentDiscoveryService"
135-->[com.google.firebase:firebase-auth:23.1.0] AndroidManifest.xml:67:13-84
136            android:directBootAware="true"
136-->[com.google.firebase:firebase-common:21.0.0] AndroidManifest.xml:32:13-43
137            android:exported="false" >
137-->[com.google.firebase:firebase-auth:23.1.0] AndroidManifest.xml:68:13-37
138            <meta-data
138-->[com.google.firebase:firebase-auth:23.1.0] AndroidManifest.xml:69:13-71:85
139                android:name="com.google.firebase.components:com.google.firebase.auth.FirebaseAuthRegistrar"
139-->[com.google.firebase:firebase-auth:23.1.0] AndroidManifest.xml:70:17-109
140                android:value="com.google.firebase.components.ComponentRegistrar" />
140-->[com.google.firebase:firebase-auth:23.1.0] AndroidManifest.xml:71:17-82
141            <meta-data
141-->[com.google.firebase:firebase-firestore:25.1.1] AndroidManifest.xml:17:13-19:85
142                android:name="com.google.firebase.components:com.google.firebase.firestore.FirebaseFirestoreKtxRegistrar"
142-->[com.google.firebase:firebase-firestore:25.1.1] AndroidManifest.xml:18:17-122
143                android:value="com.google.firebase.components.ComponentRegistrar" />
143-->[com.google.firebase:firebase-firestore:25.1.1] AndroidManifest.xml:19:17-82
144            <meta-data
144-->[com.google.firebase:firebase-firestore:25.1.1] AndroidManifest.xml:20:13-22:85
145                android:name="com.google.firebase.components:com.google.firebase.firestore.FirestoreRegistrar"
145-->[com.google.firebase:firebase-firestore:25.1.1] AndroidManifest.xml:21:17-111
146                android:value="com.google.firebase.components.ComponentRegistrar" />
146-->[com.google.firebase:firebase-firestore:25.1.1] AndroidManifest.xml:22:17-82
147            <meta-data
147-->[com.google.firebase:firebase-common-ktx:21.0.0] AndroidManifest.xml:12:13-14:85
148                android:name="com.google.firebase.components:com.google.firebase.ktx.FirebaseCommonLegacyRegistrar"
148-->[com.google.firebase:firebase-common-ktx:21.0.0] AndroidManifest.xml:13:17-116
149                android:value="com.google.firebase.components.ComponentRegistrar" />
149-->[com.google.firebase:firebase-common-ktx:21.0.0] AndroidManifest.xml:14:17-82
150            <meta-data
150-->[com.google.firebase:firebase-common:21.0.0] AndroidManifest.xml:35:13-37:85
151                android:name="com.google.firebase.components:com.google.firebase.FirebaseCommonKtxRegistrar"
151-->[com.google.firebase:firebase-common:21.0.0] AndroidManifest.xml:36:17-109
152                android:value="com.google.firebase.components.ComponentRegistrar" />
152-->[com.google.firebase:firebase-common:21.0.0] AndroidManifest.xml:37:17-82
153        </service> <!-- Needs to be explicitly declared on P+ -->
154        <uses-library
154-->[com.google.android.gms:play-services-maps:19.0.0] AndroidManifest.xml:39:9-41:40
155            android:name="org.apache.http.legacy"
155-->[com.google.android.gms:play-services-maps:19.0.0] AndroidManifest.xml:40:13-50
156            android:required="false" />
156-->[com.google.android.gms:play-services-maps:19.0.0] AndroidManifest.xml:41:13-37
157
158        <service
158-->[androidx.credentials:credentials-play-services-auth:1.2.0-rc01] AndroidManifest.xml:24:9-32:19
159            android:name="androidx.credentials.playservices.CredentialProviderMetadataHolder"
159-->[androidx.credentials:credentials-play-services-auth:1.2.0-rc01] AndroidManifest.xml:25:13-94
160            android:enabled="true"
160-->[androidx.credentials:credentials-play-services-auth:1.2.0-rc01] AndroidManifest.xml:26:13-35
161            android:exported="false" >
161-->[androidx.credentials:credentials-play-services-auth:1.2.0-rc01] AndroidManifest.xml:27:13-37
162            <meta-data
162-->[androidx.credentials:credentials-play-services-auth:1.2.0-rc01] AndroidManifest.xml:29:13-31:104
163                android:name="androidx.credentials.CREDENTIAL_PROVIDER_KEY"
163-->[androidx.credentials:credentials-play-services-auth:1.2.0-rc01] AndroidManifest.xml:30:17-76
164                android:value="androidx.credentials.playservices.CredentialProviderPlayServicesImpl" />
164-->[androidx.credentials:credentials-play-services-auth:1.2.0-rc01] AndroidManifest.xml:31:17-101
165        </service>
166
167        <activity
167-->[androidx.credentials:credentials-play-services-auth:1.2.0-rc01] AndroidManifest.xml:34:9-41:20
168            android:name="androidx.credentials.playservices.HiddenActivity"
168-->[androidx.credentials:credentials-play-services-auth:1.2.0-rc01] AndroidManifest.xml:35:13-76
169            android:configChanges="orientation|screenSize|screenLayout|keyboardHidden"
169-->[androidx.credentials:credentials-play-services-auth:1.2.0-rc01] AndroidManifest.xml:36:13-87
170            android:enabled="true"
170-->[androidx.credentials:credentials-play-services-auth:1.2.0-rc01] AndroidManifest.xml:37:13-35
171            android:exported="false"
171-->[androidx.credentials:credentials-play-services-auth:1.2.0-rc01] AndroidManifest.xml:38:13-37
172            android:fitsSystemWindows="true"
172-->[androidx.credentials:credentials-play-services-auth:1.2.0-rc01] AndroidManifest.xml:39:13-45
173            android:theme="@style/Theme.Hidden" >
173-->[androidx.credentials:credentials-play-services-auth:1.2.0-rc01] AndroidManifest.xml:40:13-48
174        </activity>
175        <activity
175-->[com.google.android.gms:play-services-auth:21.2.0] AndroidManifest.xml:23:9-27:75
176            android:name="com.google.android.gms.auth.api.signin.internal.SignInHubActivity"
176-->[com.google.android.gms:play-services-auth:21.2.0] AndroidManifest.xml:24:13-93
177            android:excludeFromRecents="true"
177-->[com.google.android.gms:play-services-auth:21.2.0] AndroidManifest.xml:25:13-46
178            android:exported="false"
178-->[com.google.android.gms:play-services-auth:21.2.0] AndroidManifest.xml:26:13-37
179            android:theme="@android:style/Theme.Translucent.NoTitleBar" />
179-->[com.google.android.gms:play-services-auth:21.2.0] AndroidManifest.xml:27:13-72
180        <!--
181            Service handling Google Sign-In user revocation. For apps that do not integrate with
182            Google Sign-In, this service will never be started.
183        -->
184        <service
184-->[com.google.android.gms:play-services-auth:21.2.0] AndroidManifest.xml:33:9-37:51
185            android:name="com.google.android.gms.auth.api.signin.RevocationBoundService"
185-->[com.google.android.gms:play-services-auth:21.2.0] AndroidManifest.xml:34:13-89
186            android:exported="true"
186-->[com.google.android.gms:play-services-auth:21.2.0] AndroidManifest.xml:35:13-36
187            android:permission="com.google.android.gms.auth.api.signin.permission.REVOCATION_NOTIFICATION"
187-->[com.google.android.gms:play-services-auth:21.2.0] AndroidManifest.xml:36:13-107
188            android:visibleToInstantApps="true" />
188-->[com.google.android.gms:play-services-auth:21.2.0] AndroidManifest.xml:37:13-48
189
190        <provider
190-->[com.google.firebase:firebase-common:21.0.0] AndroidManifest.xml:23:9-28:39
191            android:name="com.google.firebase.provider.FirebaseInitProvider"
191-->[com.google.firebase:firebase-common:21.0.0] AndroidManifest.xml:24:13-77
192            android:authorities="com.jdcode.levelup.firebaseinitprovider"
192-->[com.google.firebase:firebase-common:21.0.0] AndroidManifest.xml:25:13-72
193            android:directBootAware="true"
193-->[com.google.firebase:firebase-common:21.0.0] AndroidManifest.xml:26:13-43
194            android:exported="false"
194-->[com.google.firebase:firebase-common:21.0.0] AndroidManifest.xml:27:13-37
195            android:initOrder="100" />
195-->[com.google.firebase:firebase-common:21.0.0] AndroidManifest.xml:28:13-36
196
197        <activity
197-->[com.google.android.gms:play-services-base:18.5.0] AndroidManifest.xml:5:9-173
198            android:name="com.google.android.gms.common.api.GoogleApiActivity"
198-->[com.google.android.gms:play-services-base:18.5.0] AndroidManifest.xml:5:19-85
199            android:exported="false"
199-->[com.google.android.gms:play-services-base:18.5.0] AndroidManifest.xml:5:146-170
200            android:theme="@android:style/Theme.Translucent.NoTitleBar" />
200-->[com.google.android.gms:play-services-base:18.5.0] AndroidManifest.xml:5:86-145
201
202        <provider
202-->[androidx.emoji2:emoji2:1.3.0] AndroidManifest.xml:24:9-32:20
203            android:name="androidx.startup.InitializationProvider"
203-->[androidx.emoji2:emoji2:1.3.0] AndroidManifest.xml:25:13-67
204            android:authorities="com.jdcode.levelup.androidx-startup"
204-->[androidx.emoji2:emoji2:1.3.0] AndroidManifest.xml:26:13-68
205            android:exported="false" >
205-->[androidx.emoji2:emoji2:1.3.0] AndroidManifest.xml:27:13-37
206            <meta-data
206-->[androidx.emoji2:emoji2:1.3.0] AndroidManifest.xml:29:13-31:52
207                android:name="androidx.emoji2.text.EmojiCompatInitializer"
207-->[androidx.emoji2:emoji2:1.3.0] AndroidManifest.xml:30:17-75
208                android:value="androidx.startup" />
208-->[androidx.emoji2:emoji2:1.3.0] AndroidManifest.xml:31:17-49
209            <meta-data
209-->[androidx.lifecycle:lifecycle-process:2.6.2] AndroidManifest.xml:29:13-31:52
210                android:name="androidx.lifecycle.ProcessLifecycleInitializer"
210-->[androidx.lifecycle:lifecycle-process:2.6.2] AndroidManifest.xml:30:17-78
211                android:value="androidx.startup" />
211-->[androidx.lifecycle:lifecycle-process:2.6.2] AndroidManifest.xml:31:17-49
212            <meta-data
212-->[androidx.profileinstaller:profileinstaller:1.3.1] AndroidManifest.xml:29:13-31:52
213                android:name="androidx.profileinstaller.ProfileInstallerInitializer"
213-->[androidx.profileinstaller:profileinstaller:1.3.1] AndroidManifest.xml:30:17-85
214                android:value="androidx.startup" />
214-->[androidx.profileinstaller:profileinstaller:1.3.1] AndroidManifest.xml:31:17-49
215        </provider>
216
217        <meta-data
217-->[com.google.android.gms:play-services-basement:18.4.0] AndroidManifest.xml:6:9-122
218            android:name="com.google.android.gms.version"
218-->[com.google.android.gms:play-services-basement:18.4.0] AndroidManifest.xml:6:20-65
219            android:value="@integer/google_play_services_version" />
219-->[com.google.android.gms:play-services-basement:18.4.0] AndroidManifest.xml:6:66-119
220
221        <receiver
221-->[androidx.profileinstaller:profileinstaller:1.3.1] AndroidManifest.xml:34:9-52:20
222            android:name="androidx.profileinstaller.ProfileInstallReceiver"
222-->[androidx.profileinstaller:profileinstaller:1.3.1] AndroidManifest.xml:35:13-76
223            android:directBootAware="false"
223-->[androidx.profileinstaller:profileinstaller:1.3.1] AndroidManifest.xml:36:13-44
224            android:enabled="true"
224-->[androidx.profileinstaller:profileinstaller:1.3.1] AndroidManifest.xml:37:13-35
225            android:exported="true"
225-->[androidx.profileinstaller:profileinstaller:1.3.1] AndroidManifest.xml:38:13-36
226            android:permission="android.permission.DUMP" >
226-->[androidx.profileinstaller:profileinstaller:1.3.1] AndroidManifest.xml:39:13-57
227            <intent-filter>
227-->[androidx.profileinstaller:profileinstaller:1.3.1] AndroidManifest.xml:40:13-42:29
228                <action android:name="androidx.profileinstaller.action.INSTALL_PROFILE" />
228-->[androidx.profileinstaller:profileinstaller:1.3.1] AndroidManifest.xml:41:17-91
228-->[androidx.profileinstaller:profileinstaller:1.3.1] AndroidManifest.xml:41:25-88
229            </intent-filter>
230            <intent-filter>
230-->[androidx.profileinstaller:profileinstaller:1.3.1] AndroidManifest.xml:43:13-45:29
231                <action android:name="androidx.profileinstaller.action.SKIP_FILE" />
231-->[androidx.profileinstaller:profileinstaller:1.3.1] AndroidManifest.xml:44:17-85
231-->[androidx.profileinstaller:profileinstaller:1.3.1] AndroidManifest.xml:44:25-82
232            </intent-filter>
233            <intent-filter>
233-->[androidx.profileinstaller:profileinstaller:1.3.1] AndroidManifest.xml:46:13-48:29
234                <action android:name="androidx.profileinstaller.action.SAVE_PROFILE" />
234-->[androidx.profileinstaller:profileinstaller:1.3.1] AndroidManifest.xml:47:17-88
234-->[androidx.profileinstaller:profileinstaller:1.3.1] AndroidManifest.xml:47:25-85
235            </intent-filter>
236            <intent-filter>
236-->[androidx.profileinstaller:profileinstaller:1.3.1] AndroidManifest.xml:49:13-51:29
237                <action android:name="androidx.profileinstaller.action.BENCHMARK_OPERATION" />
237-->[androidx.profileinstaller:profileinstaller:1.3.1] AndroidManifest.xml:50:17-95
237-->[androidx.profileinstaller:profileinstaller:1.3.1] AndroidManifest.xml:50:25-92
238            </intent-filter>
239        </receiver>
240
241        <service
241-->[com.google.android.datatransport:transport-backend-cct:3.2.0] AndroidManifest.xml:26:9-32:19
242            android:name="com.google.android.datatransport.runtime.backends.TransportBackendDiscovery"
242-->[com.google.android.datatransport:transport-backend-cct:3.2.0] AndroidManifest.xml:27:13-103
243            android:exported="false" >
243-->[com.google.android.datatransport:transport-backend-cct:3.2.0] AndroidManifest.xml:28:13-37
244            <meta-data
244-->[com.google.android.datatransport:transport-backend-cct:3.2.0] AndroidManifest.xml:29:13-31:39
245                android:name="backend:com.google.android.datatransport.cct.CctBackendFactory"
245-->[com.google.android.datatransport:transport-backend-cct:3.2.0] AndroidManifest.xml:30:17-94
246                android:value="cct" />
246-->[com.google.android.datatransport:transport-backend-cct:3.2.0] AndroidManifest.xml:31:17-36
247        </service>
248        <service
248-->[com.google.android.datatransport:transport-runtime:3.2.0] AndroidManifest.xml:24:9-28:19
249            android:name="com.google.android.datatransport.runtime.scheduling.jobscheduling.JobInfoSchedulerService"
249-->[com.google.android.datatransport:transport-runtime:3.2.0] AndroidManifest.xml:25:13-117
250            android:exported="false"
250-->[com.google.android.datatransport:transport-runtime:3.2.0] AndroidManifest.xml:26:13-37
251            android:permission="android.permission.BIND_JOB_SERVICE" >
251-->[com.google.android.datatransport:transport-runtime:3.2.0] AndroidManifest.xml:27:13-69
252        </service>
253
254        <receiver
254-->[com.google.android.datatransport:transport-runtime:3.2.0] AndroidManifest.xml:30:9-32:40
255            android:name="com.google.android.datatransport.runtime.scheduling.jobscheduling.AlarmManagerSchedulerBroadcastReceiver"
255-->[com.google.android.datatransport:transport-runtime:3.2.0] AndroidManifest.xml:31:13-132
256            android:exported="false" /> <!-- The activities will be merged into the manifest of the hosting app. -->
256-->[com.google.android.datatransport:transport-runtime:3.2.0] AndroidManifest.xml:32:13-37
257        <activity
257-->[com.google.android.play:core-common:2.0.3] AndroidManifest.xml:14:9-18:65
258            android:name="com.google.android.play.core.common.PlayCoreDialogWrapperActivity"
258-->[com.google.android.play:core-common:2.0.3] AndroidManifest.xml:15:13-93
259            android:exported="false"
259-->[com.google.android.play:core-common:2.0.3] AndroidManifest.xml:16:13-37
260            android:stateNotNeeded="true"
260-->[com.google.android.play:core-common:2.0.3] AndroidManifest.xml:17:13-42
261            android:theme="@style/Theme.PlayCore.Transparent" />
261-->[com.google.android.play:core-common:2.0.3] AndroidManifest.xml:18:13-62
262    </application>
263
264</manifest>